../example1.out ex1.dat 

 "mfb.txt" No.00 -- focused beam --
medium density                       [kg/m^3] :            1000
speed of sound in the medium            [m/s] :            1500
frequency                                [Hz] :          100000
sound pressure amplitude                 [Pa] :     10+      0I
radius of focused transducer              [m] :           0.045
curvature radius of the transducer        [m] :           0.072
x-component of translation vector         [m] :               0
y-component of translation vector         [m] :               0
z-component of translation vector         [m] :               0
rotation parameter theta                [rad] :               0
rotation parameter psi                  [rad] :               0
sampling number for Gauss-Legendre quadrature :              64
-- additional information --
wavelength                                [m] :           0.015
energy passing through a plane orthogonal to the acoustic axis [W]
                                              : 1.4965495613794e-06

--- medium data ---
medium data file name      = medium.txt
domain id  1 rho0 [kg/m^3] =     1.3
             c0      [m/s] =     330
domain id  2 rho0 [kg/m^3] =     970
             c0      [m/s] =    1004

--- mesh data ---
mesh data file name    = sphere_m2.msh
node number            =     1354
defined element number =     2700


sound pressure and particle velocity at r=( -0.03, 0.01, 0.002 )
type=0 setting ( 4 point Gauss-Legendre )
p  = -6.74943772564268e-03 +1.09522324978878e-01 I 
vx =  1.13848656745950e-09 -4.57251338592993e-08 I 
vy = -3.81497664368115e-10 +1.52467856410661e-08 I 
vz =  3.61374860418551e-09 +3.00111796857082e-08 I 
sound pressure and particle velocity at r=( -0.03, 0.01, 0.002 )
type=1 setting ( 9 or 7 point Gauss-Legendre )
p  = -6.74939815138739e-03 +1.09522501336506e-01 I 
vx =  1.13850090051180e-09 -4.57252784236347e-08 I 
vy = -3.81539729993440e-10 +1.52467930523173e-08 I 
vz =  3.61354861334305e-09 +3.00110908207802e-08 I 

Radiation force and torque
type=0 setting ( 4 point Gauss-Legendre ) 
F = ( 1.32688869448503e-29, 1.18082616750270e-29, 1.73554779005667e-14)
N = (-2.22444908576726e-32,-3.25000678115346e-32, 4.07269295949735e-32), center of rotation ( 0, 0, 0)
type=1 setting ( 9 or 7 point Gauss-Legendre ) 
F = ( 1.27080561450447e-29, 1.31918497470748e-29, 1.73594377155595e-14)
N = (-1.34574354864058e-32,-1.14111349204944e-32, 3.66564512668331e-32), center of rotation ( 0, 0, 0)
