../example1.out veri.dat 

 "mfb.txt" No.00 -- focused beam --
medium density                       [kg/m^3] :            1000
speed of sound in the medium            [m/s] :            1500
frequency                                [Hz] :          100000
sound pressure amplitude                 [Pa] :     10+      0I
radius of focused transducer              [m] :           0.045
curvature radius of the transducer        [m] :           0.072
x-component of translation vector         [m] :               0
y-component of translation vector         [m] :               0
z-component of translation vector         [m] :               0
rotation parameter theta                [rad] :               0
rotation parameter psi                  [rad] :               0
sampling number for Gauss-Legendre quadrature :              64
-- additional information --
wavelength                                [m] :           0.015
energy passing through a plane orthogonal to the acoustic axis [W]
                                              : 1.4965495613794e-06

--- medium data ---
medium data file name      = medium.txt
domain id  1 rho0 [kg/m^3] =     970
             c0      [m/s] =    1004

--- mesh data ---
mesh data file name    = sphere_m1.msh
node number            =      602
defined element number =     1200


sound pressure and particle velocity at r=( -0.03, 0.01, 0.002 )
type=0 setting ( 4 point Gauss-Legendre )
p  =  7.10891708169782e-02 +8.30591838661739e-02 I 
vx = -4.85758860156013e-08 -3.33432669569467e-08 I 
vy =  1.61918196348331e-08 +1.11139350077657e-08 I 
vz =  1.17440559144997e-08 +1.76128157734627e-08 I 
sound pressure and particle velocity at r=( -0.03, 0.01, 0.002 )
type=1 setting ( 9 or 7 point Gauss-Legendre )
p  =  7.10893020487289e-02 +8.30592204968855e-02 I 
vx = -4.85759027295219e-08 -3.33432758694282e-08 I 
vy =  1.61918127600100e-08 +1.11139535995434e-08 I 
vz =  1.17441977142524e-08 +1.76129914604685e-08 I 

Radiation force and torque
type=0 setting ( 4 point Gauss-Legendre ) 
F = ( 7.24765956671805e-30,-4.59757996324121e-30, 1.16741350114842e-14)
N = ( 9.25890820764164e-32, 2.06074504049434e-32, 9.35825158621833e-33), center of rotation ( 0, 0, 0)
type=1 setting ( 9 or 7 point Gauss-Legendre ) 
F = ( 4.24012736556294e-30,-3.74708929979981e-30, 1.16641923524928e-14)
N = ( 9.77409446776522e-32, 2.11852293882596e-33, 6.20190819493839e-35), center of rotation ( 0, 0, 0)
